<?xml version="1.0" encoding="UTF-8"?>
<testsuite xmlns:xsi="http://www.w3.org/2001/XMLSchema-instance" xsi:schemaLocation="https://maven.apache.org/surefire/maven-surefire-plugin/xsd/surefire-test-report.xsd" name="TestSuite" time="0.799" tests="1" errors="0" skipped="0" failures="0">
  <properties>
    <property name="PROCESSOR_ARCHITECTURE" value="AMD64"/>
    <property name="file.encoding.pkg" value="sun.io"/>
    <property name="LOGONSERVER" value="\\GVADC09"/>
    <property name="SYBASE_WS" value="WS-16_0"/>
    <property name="ProgramData" value="C:\ProgramData"/>
    <property name="java.home" value="C:\Program Files (x86)\Java\jdk1.8.0_101\jre"/>
    <property name="DSLISTEN" value="VMVDIQA16"/>
    <property name="NODE_NAME" value="master"/>
    <property name="JENKINS_URL" value="http://localhost:8080/"/>
    <property name="INCLUDE" value="C:\SAP\sybase\OCS-16_0\include;"/>
    <property name="ALLUSERSPROFILE" value="C:\ProgramData"/>
    <property name="java.endorsed.dirs" value="C:\Program Files (x86)\Java\jdk1.8.0_101\jre\lib\endorsed"/>
    <property name="surefire.suiteXmlFiles" value="testng2.xml"/>
    <property name="PSModulePath" value="C:\Windows\system32\WindowsPowerShell\v1.0\Modules\;C:\Program Files\Citrix\Telemetry Service\;c:\Program Files (x86)\Microsoft SQL Server\110\Tools\PowerShell\Modules\;C:\Program Files (x86)\AutoIt3\AutoItX"/>
    <property name="=::" value="::\"/>
    <property name="USERDOMAIN" value="ASIA"/>
    <property name="sun.os.patch.level" value="Service Pack 1"/>
    <property name="java.vendor.url" value="http://java.oracle.com/"/>
    <property name="CommonProgramFiles(x86)" value="C:\Program Files (x86)\Common Files"/>
    <property name="java.version" value="1.8.0_101"/>
    <property name="SYBASE_ASE" value="ASE-16_0"/>
    <property name="JOB_NAME" value="lmv"/>
    <property name="COMPUTERNAME" value="VMVDIQA16"/>
    <property name="windows_tracing_logfile" value="C:\BVTBin\Tests\installpackage\csilogfile.log"/>
    <property name="java.vendor.url.bug" value="http://bugreport.sun.com/bugreport/"/>
    <property name="PUBLIC" value="C:\Users\Public"/>
    <property name="SCC_JAVA_HOME" value="C:\SAP\sybase\Shared\SAPJRE-7_1_011_64BIT"/>
    <property name="user.name" value="shreyasudupa"/>
    <property name="sun.io.unicode.encoding" value="UnicodeLittle"/>
    <property name="sun.jnu.encoding" value="Cp1252"/>
    <property name="java.runtime.name" value="Java(TM) SE Runtime Environment"/>
    <property name="windir" value="C:\Windows"/>
    <property name="PROCESSOR_IDENTIFIER" value="Intel64 Family 6 Model 37 Stepping 1, GenuineIntel"/>
    <property name="java.specification.name" value="Java Platform API Specification"/>
    <property name="LOCALAPPDATA" value="C:\Users\shreyasudupa\AppData\Local"/>
    <property name="LIB" value="C:\SAP\sybase\DataAccess64\ADONET\dll;C:\SAP\sybase\DataAccess\ADONET\dll;C:\SAP\sybase\OCS-16_0\lib"/>
    <property name="user.timezone" value="Europe/Berlin"/>
    <property name="user.script" value=""/>
    <property name="path.separator" value=";"/>
    <property name="NUMBER_OF_PROCESSORS" value="2"/>
    <property name="BUILD_TAG" value="jenkins-lmv-5"/>
    <property name="windows_tracing_flags" value="3"/>
    <property name="file.encoding" value="Cp1252"/>
    <property name="SYBASE_OCS" value="OCS-16_0"/>
    <property name="sun.java.command" value="jenkins.maven3.agent.Maven33Main C:\Users\shreyasudupa\Downloads\apache-maven-3.3.9-bin\apache-maven-3.3.9 C:\Users\shreyasudupa\.jenkins\war\WEB-INF\lib\remoting-2.62.jar C:\Users\shreyasudupa\.jenkins\plugins\maven-plugin\WEB-INF\lib\maven33-interceptor-1.8.1.jar C:\Users\shreyasudupa\.jenkins\plugins\maven-plugin\WEB-INF\lib\maven3-interceptor-commons-1.8.1.jar 61206"/>
    <property name="HUDSON_URL" value="http://localhost:8080/"/>
    <property name="JENKINS_SERVER_COOKIE" value="1effc8fe1e16c5f6"/>
    <property name="EXECUTOR_NUMBER" value="0"/>
    <property name="Path" value="C:\Program Files (x86)\Java\jdk1.8.0_101/bin;C:\SAP\sybase\ASE-16_0\jobscheduler\bin;C:\SAP\sybase\ASE-16_0\dll;C:\SAP\sybase\ASE-16_0\bin;C:\SAP\sybase\SCC-3_3\bin;C:\SAP\sybase\DBISQL-16_0\bin;C:\SAP\sybase\DataAccess64\ADONET\dll;C:\SAP\sybase\DataAccess\ADONET\dll;C:\SAP\sybase\DataAccess64\ODBC\dll;C:\SAP\sybase\DataAccess\ODBC\dll;C:\SAP\sybase\OCS-16_0\lib3p64;C:\SAP\sybase\OCS-16_0\lib3p;C:\SAP\sybase\OCS-16_0\dll;C:\SAP\sybase\OCS-16_0\bin;C:\Windows\system32;C:\Windows;C:\Windows\System32\Wbem;C:\Program Files\Citrix\System32\;C:\Windows\System32\WindowsPowerShell\v1.0\;C:\Windows\System32\WindowsPowerShell\v1.0\;C:\Program Files (x86)\Common Files\Citrix\System32;C:\Program Files\Citrix\ICAService\;C:\Program Files (x86)\Skype\Phone\;C:\Program Files\Citrix\Virtual Desktop Agent\;%JAVA_HOME%\bin;c:\Program Files (x86)\Microsoft SQL Server\110\Tools\Binn\;c:\Program Files\Microsoft SQL Server\110\Tools\Binn\;c:\Program Files\Microsoft SQL Server\110\DTS\Binn\;C:\Users\shreyasudupa\Downloads\apache-maven-3.3.9-bin\apache-maven-3.3.9\bin;C:\Users\shreyasudupa\apache-ant-1.9.7\bin;C:\Program Files\MySQL\MySQL Utilities 1.6\;C:\Program Files\PuTTY\;C:\Program Files\nodejs\;C:\Users\shreyasudupa\python\Scripts\;C:\Users\shreyasudupa\python\;C:\Users\shreyasudupa\AppData\Roaming\npm"/>
    <property name="java.io.tmpdir" value="C:\Users\SHREYA~1\AppData\Local\Temp\"/>
    <property name="APPDATA" value="C:\Users\shreyasudupa\AppData\Roaming"/>
    <property name="user.language" value="en"/>
    <property name="line.separator" value="&#10;"/>
    <property name="BUILD_URL" value="http://localhost:8080/job/lmv/5/"/>
    <property name="M2_HOME" value="C:\Users\shreyasudupa\Downloads\apache-maven-3.3.9-bin\apache-maven-3.3.9"/>
    <property name="=C:" value="C:\Users\shreyasudupa"/>
    <property name="java.vm.info" value="mixed mode, sharing"/>
    <property name="sun.desktop" value="windows"/>
    <property name="java.vm.specification.name" value="Java Virtual Machine Specification"/>
    <property name="BUILD_DISPLAY_NAME" value="#5"/>
    <property name="OS" value="Windows_NT"/>
    <property name="SYBROOT" value="C:\SAP\sybase"/>
    <property name="guice.disable.misplaced.annotation.check" value="true"/>
    <property name="HUDSON_SERVER_COOKIE" value="1effc8fe1e16c5f6"/>
    <property name="DSQUERY" value="VMVDIQA16"/>
    <property name="MAVEN_HOME" value="C:\Users\shreyasudupa\Downloads\apache-maven-3.3.9-bin\apache-maven-3.3.9"/>
    <property name="SESSIONNAME" value="RDP-Tcp#0"/>
    <property name="PATHEXT" value=".COM;.EXE;.BAT;.CMD;.VBS;.VBE;.JS;.JSE;.WSF;.WSH;.MSC"/>
    <property name="java.awt.printerjob" value="sun.awt.windows.WPrinterJob"/>
    <property name="maven3.interceptor.common" value="C:\Users\shreyasudupa\.jenkins\plugins\maven-plugin\WEB-INF\lib\maven3-interceptor-commons-1.8.1.jar"/>
    <property name="CLASSPATH" value=""/>
    <property name="HOMEPATH" value="\"/>
    <property name="os.name" value="Windows 7"/>
    <property name="java.specification.vendor" value="Oracle Corporation"/>
    <property name="FP_NO_HOST_CHECK" value="NO"/>
    <property name="SAP_JRE7_64" value="C:\SAP\sybase\Shared\SAPJRE-7_1_011_64BIT"/>
    <property name="java.vm.name" value="Java HotSpot(TM) Client VM"/>
    <property name="BUILD_NUMBER" value="5"/>
    <property name="maven3.interceptor" value="C:\Users\shreyasudupa\.jenkins\plugins\maven-plugin\WEB-INF\lib\maven33-interceptor-1.8.1.jar"/>
    <property name="java.library.path" value="C:\Program Files (x86)\Java\jdk1.8.0_101\bin;C:\Windows\Sun\Java\bin;C:\Windows\system32;C:\Windows;C:\Users\shreyasudupa\Downloads\apache-maven-3.3.9-bin\apache-maven-3.3.9/bin;C:\Program Files (x86)\Java\jdk1.8.0_101/bin;C:\Program Files (x86)\Java\jdk1.8.0_101/bin;C:\SAP\sybase\ASE-16_0\jobscheduler\bin;C:\SAP\sybase\ASE-16_0\dll;C:\SAP\sybase\ASE-16_0\bin;C:\SAP\sybase\SCC-3_3\bin;C:\SAP\sybase\DBISQL-16_0\bin;C:\SAP\sybase\DataAccess64\ADONET\dll;C:\SAP\sybase\DataAccess\ADONET\dll;C:\SAP\sybase\DataAccess64\ODBC\dll;C:\SAP\sybase\DataAccess\ODBC\dll;C:\SAP\sybase\OCS-16_0\lib3p64;C:\SAP\sybase\OCS-16_0\lib3p;C:\SAP\sybase\OCS-16_0\dll;C:\SAP\sybase\OCS-16_0\bin;C:\Windows\system32;C:\Windows;C:\Windows\System32\Wbem;C:\Program Files\Citrix\System32\;C:\Windows\System32\WindowsPowerShell\v1.0\;C:\Windows\System32\WindowsPowerShell\v1.0\;C:\Program Files (x86)\Common Files\Citrix\System32;C:\Program Files\Citrix\ICAService\;C:\Program Files (x86)\Skype\Phone\;C:\Program Files\Citrix\Virtual Desktop Agent\;%JAVA_HOME%\bin;c:\Program Files (x86)\Microsoft SQL Server\110\Tools\Binn\;c:\Program Files\Microsoft SQL Server\110\Tools\Binn\;c:\Program Files\Microsoft SQL Server\110\DTS\Binn\;C:\Users\shreyasudupa\Downloads\apache-maven-3.3.9-bin\apache-maven-3.3.9\bin;C:\Users\shreyasudupa\apache-ant-1.9.7\bin;C:\Program Files\MySQL\MySQL Utilities 1.6\;C:\Program Files\PuTTY\;C:\Program Files\nodejs\;C:\Users\shreyasudupa\python\Scripts\;C:\Users\shreyasudupa\python\;C:\Users\shreyasudupa\AppData\Roaming\npm;."/>
    <property name="HOMEDRIVE" value="U:"/>
    <property name="HOMESHARE" value="\\bng1fs1\shreyasudupa$"/>
    <property name="POM_GROUPID" value="mvnn"/>
    <property name="POM_ARTIFACTID" value="lmnvv"/>
    <property name="java.class.version" value="52.0"/>
    <property name="JOB_URL" value="http://localhost:8080/job/lmv/"/>
    <property name="SYBASE" value="C:\SAP\sybase"/>
    <property name="ANT_HOME" value="C:\Users\shreyasudupa\apache-ant-1.9.7"/>
    <property name="JENKINS_HOME" value="C:\Users\shreyasudupa\.jenkins"/>
    <property name="BUILD_ID" value="5"/>
    <property name="TEMP" value="C:\Users\SHREYA~1\AppData\Local\Temp"/>
    <property name="sun.boot.library.path" value="C:\Program Files (x86)\Java\jdk1.8.0_101\jre\bin"/>
    <property name="sun.management.compiler" value="HotSpot Client Compiler"/>
    <property name="java.awt.graphicsenv" value="sun.awt.Win32GraphicsEnvironment"/>
    <property name="user.variant" value=""/>
    <property name="PROCESSOR_REVISION" value="2501"/>
    <property name="POM_VERSION" value="0.0.1-SNAPSHOT"/>
    <property name="CLIENTNAME" value="DB48WVQ1"/>
    <property name="HUDSON_HOME" value="C:\Users\shreyasudupa\.jenkins"/>
    <property name="ProgramFiles(x86)" value="C:\Program Files (x86)"/>
    <property name="PATH+MAVEN" value="C:\Users\shreyasudupa\Downloads\apache-maven-3.3.9-bin\apache-maven-3.3.9/bin"/>
    <property name="USERDOMAIN_ROAMINGPROFILE" value="ASIA"/>
    <property name="PROMPT" value="$P$G"/>
    <property name="java.vm.specification.version" value="1.8"/>
    <property name="JAVA_HOME" value="C:\Program Files (x86)\Java\jdk1.8.0_101"/>
    <property name="awt.toolkit" value="sun.awt.windows.WToolkit"/>
    <property name="NODE_LABELS" value="master"/>
    <property name="sun.cpu.isalist" value="pentium_pro+mmx pentium_pro pentium+mmx pentium i486 i386 i86"/>
    <property name="USERPROFILE" value="C:\Users\shreyasudupa"/>
    <property name="java.ext.dirs" value="C:\Program Files (x86)\Java\jdk1.8.0_101\jre\lib\ext;C:\Windows\Sun\Java\lib\ext"/>
    <property name="os.version" value="6.1"/>
    <property name="user.home" value="C:\Users\shreyasudupa"/>
    <property name="USERNAME" value="shreyasudupa"/>
    <property name="java.vm.vendor" value="Oracle Corporation"/>
    <property name="PROCESSOR_LEVEL" value="6"/>
    <property name="USERDNSDOMAIN" value="ASIA.TEMENOSGROUP.COM"/>
    <property name="CommonProgramW6432" value="C:\Program Files\Common Files"/>
    <property name="user.dir" value="C:\Users\shreyasudupa\workspace\lmnvv"/>
    <property name="SAP_JRE7_32" value="C:\SAP\sybase\Shared\SAPJRE-7_1_011_32BIT"/>
    <property name="ProgramW6432" value="C:\Program Files"/>
    <property name="TMP" value="C:\Users\SHREYA~1\AppData\Local\Temp"/>
    <property name="UATDATA" value="C:\Windows\CCM\UATData\D9F8C395-CAB8-491d-B8AC-179A1FE1BE77"/>
    <property name="sun.cpu.endian" value="little"/>
    <property name="SystemDrive" value="C:"/>
    <property name="java.vm.version" value="25.101-b13"/>
    <property name="java.class.path" value="C:\Users\shreyasudupa\.jenkins\plugins\maven-plugin\WEB-INF\lib\maven33-agent-1.8.1.jar;C:\Users\shreyasudupa\Downloads\apache-maven-3.3.9-bin\apache-maven-3.3.9\boot\plexus-classworlds-2.5.2.jar;C:\Users\shreyasudupa\Downloads\apache-maven-3.3.9-bin\apache-maven-3.3.9/conf/logging"/>
    <property name="org.slf4j.simpleLogger.defaultLogLevel" value="info"/>
    <property name="os.arch" value="x86"/>
    <property name="WORKSPACE" value="C:\Users\shreyasudupa\workspace\lmnvv"/>
    <property name="ComSpec" value="C:\Windows\system32\cmd.exe"/>
    <property name="sun.java.launcher" value="SUN_STANDARD"/>
    <property name="SystemRoot" value="C:\Windows"/>
    <property name="SAP_JRE7" value="C:\SAP\sybase\Shared\SAPJRE-7_1_011_64BIT"/>
    <property name="CommonProgramFiles" value="C:\Program Files\Common Files"/>
    <property name="java.vm.specification.vendor" value="Oracle Corporation"/>
    <property name="file.separator" value="\"/>
    <property name="java.runtime.version" value="1.8.0_101-b13"/>
    <property name="ProgramFiles" value="C:\Program Files"/>
    <property name="sun.boot.class.path" value="C:\Program Files (x86)\Java\jdk1.8.0_101\jre\lib\resources.jar;C:\Program Files (x86)\Java\jdk1.8.0_101\jre\lib\rt.jar;C:\Program Files (x86)\Java\jdk1.8.0_101\jre\lib\sunrsasign.jar;C:\Program Files (x86)\Java\jdk1.8.0_101\jre\lib\jsse.jar;C:\Program Files (x86)\Java\jdk1.8.0_101\jre\lib\jce.jar;C:\Program Files (x86)\Java\jdk1.8.0_101\jre\lib\charsets.jar;C:\Program Files (x86)\Java\jdk1.8.0_101\jre\lib\jfr.jar;C:\Program Files (x86)\Java\jdk1.8.0_101\jre\classes"/>
    <property name="PATH+JDK" value="C:\Program Files (x86)\Java\jdk1.8.0_101/bin"/>
    <property name="user.country" value="US"/>
    <property name="POM_PACKAGING" value="jar"/>
    <property name="maven.home" value="C:\Users\shreyasudupa\Downloads\apache-maven-3.3.9-bin\apache-maven-3.3.9"/>
    <property name="JOB_BASE_NAME" value="lmv"/>
    <property name="java.vendor" value="Oracle Corporation"/>
    <property name="SYBASE_JRE_RTDS" value="C:\SAP\sybase\Shared\SAPJRE-7_1_011_64BIT"/>
    <property name="POM_DISPLAYNAME" value="lmnvv"/>
    <property name="java.specification.version" value="1.8"/>
    <property name="sun.arch.data.model" value="32"/>
  </properties>
  <testcase name="bmethodd" classname="completemaven.TestClassB" time="0.473"/>
</testsuite>