<?xml version="1.0" encoding="UTF-8"?>
<!-- Generated by org.testng.reporters.JUnitReportReporter -->
<testsuite hostname="VMVDIQA16" name="completemaven.TestClassB" tests="1" failures="0" timestamp="13 Mar 2018 09:42:27 GMT" time="0.472" errors="0">
  <testcase name="bmethodd" time="0.472" classname="completemaven.TestClassB"/>
</testsuite> <!-- completemaven.TestClassB -->
