<?xml version="1.0" encoding="UTF-8"?>
<!-- Generated by org.testng.reporters.JUnitReportReporter -->
<testsuite hostname="VMVDIQA16" name="completemaven.TestclassA" tests="1" failures="0" timestamp="12 Mar 2018 13:35:22 GMT" time="0.008" errors="0">
  <testcase name="amethod" time="0.008" classname="completemaven.TestclassA"/>
</testsuite> <!-- completemaven.TestclassA -->
